\BOOKMARK [0][-]{chapter.1}{\376\377\0001\000\040\000T\000o\000p\000i\000c\000\040\000I\000n\000d\000e\000x}{}% 1
\BOOKMARK [1][-]{section.1.1}{\376\377\0001\000.\0001\000\040\000T\000o\000p\000i\000c\000s}{chapter.1}% 2
\BOOKMARK [0][-]{chapter.2}{\376\377\0002\000\040\000D\000a\000t\000a\000\040\000S\000t\000r\000u\000c\000t\000u\000r\000e\000\040\000I\000n\000d\000e\000x}{}% 3
\BOOKMARK [1][-]{section.2.1}{\376\377\0002\000.\0001\000\040\000D\000a\000t\000a\000\040\000S\000t\000r\000u\000c\000t\000u\000r\000e\000s}{chapter.2}% 4
\BOOKMARK [0][-]{chapter.3}{\376\377\0003\000\040\000F\000i\000l\000e\000\040\000I\000n\000d\000e\000x}{}% 5
\BOOKMARK [1][-]{section.3.1}{\376\377\0003\000.\0001\000\040\000F\000i\000l\000e\000\040\000L\000i\000s\000t}{chapter.3}% 6
\BOOKMARK [0][-]{chapter.4}{\376\377\0004\000\040\000T\000o\000p\000i\000c\000\040\000D\000o\000c\000u\000m\000e\000n\000t\000a\000t\000i\000o\000n}{}% 7
\BOOKMARK [1][-]{section.4.1}{\376\377\0004\000.\0001\000\040\000K\000o\000n\000f\000i\000g\000u\000r\000a\000c\000j\000a}{chapter.4}% 8
\BOOKMARK [2][-]{subsection.4.1.1}{\376\377\0004\000.\0001\000.\0001\000\040\000D\000e\000t\000a\000i\000l\000e\000d\000\040\000D\000e\000s\000c\000r\000i\000p\000t\000i\000o\000n}{section.4.1}% 9
\BOOKMARK [2][-]{subsection.4.1.2}{\376\377\0004\000.\0001\000.\0002\000\040\000M\000a\000c\000r\000o\000\040\000D\000e\000f\000i\000n\000i\000t\000i\000o\000n\000\040\000D\000o\000c\000u\000m\000e\000n\000t\000a\000t\000i\000o\000n}{section.4.1}% 10
\BOOKMARK [3][-]{subsubsection.4.1.2.1}{\376\377\0004\000.\0001\000.\0002\000.\0001\000\040\000B\000L\000O\000C\000K\000\137\000U\000N\000T\000I\000L}{subsection.4.1.2}% 11
\BOOKMARK [3][-]{subsubsection.4.1.2.2}{\376\377\0004\000.\0001\000.\0002\000.\0002\000\040\000K\000I\000L\000L\000\137\000I\000N\000S\000T\000E\000A\000D\000\137\000O\000F\000\137\000H\000A\000L\000T}{subsection.4.1.2}% 12
\BOOKMARK [0][-]{chapter.5}{\376\377\0005\000\040\000D\000a\000t\000a\000\040\000S\000t\000r\000u\000c\000t\000u\000r\000e\000\040\000D\000o\000c\000u\000m\000e\000n\000t\000a\000t\000i\000o\000n}{}% 13
\BOOKMARK [1][-]{section.5.1}{\376\377\0005\000.\0001\000\040\000C\000l\000o\000c\000k\000\040\000S\000t\000r\000u\000c\000t\000\040\000R\000e\000f\000e\000r\000e\000n\000c\000e}{chapter.5}% 14
\BOOKMARK [2][-]{subsection.5.1.1}{\376\377\0005\000.\0001\000.\0001\000\040\000D\000e\000t\000a\000i\000l\000e\000d\000\040\000D\000e\000s\000c\000r\000i\000p\000t\000i\000o\000n}{section.5.1}% 15
\BOOKMARK [2][-]{subsection.5.1.2}{\376\377\0005\000.\0001\000.\0002\000\040\000F\000i\000e\000l\000d\000\040\000D\000o\000c\000u\000m\000e\000n\000t\000a\000t\000i\000o\000n}{section.5.1}% 16
\BOOKMARK [3][-]{subsubsection.5.1.2.1}{\376\377\0005\000.\0001\000.\0002\000.\0001\000\040\000i\000n\000t\000e\000n\000s\000i\000t\000y}{subsection.5.1.2}% 17
\BOOKMARK [3][-]{subsubsection.5.1.2.2}{\376\377\0005\000.\0001\000.\0002\000.\0002\000\040\000r\000e\000a\000d\000y}{subsection.5.1.2}% 18
\BOOKMARK [3][-]{subsubsection.5.1.2.3}{\376\377\0005\000.\0001\000.\0002\000.\0003\000\040\000t\000i\000m\000e}{subsection.5.1.2}% 19
\BOOKMARK [3][-]{subsubsection.5.1.2.4}{\376\377\0005\000.\0001\000.\0002\000.\0004\000\040\000t\000i\000m\000e\000C\000h\000a\000r\000s}{subsection.5.1.2}% 20
\BOOKMARK [0][-]{chapter.6}{\376\377\0006\000\040\000F\000i\000l\000e\000\040\000D\000o\000c\000u\000m\000e\000n\000t\000a\000t\000i\000o\000n}{}% 21
\BOOKMARK [1][-]{section.6.1}{\376\377\0006\000.\0001\000\040\000b\000u\000t\000t\000o\000n\000s\000.\000h}{chapter.6}% 22
\BOOKMARK [1][-]{section.6.2}{\376\377\0006\000.\0002\000\040\000d\000e\000f\000i\000n\000e\000s\000.\000h}{chapter.6}% 23
\BOOKMARK [1][-]{section.6.3}{\376\377\0006\000.\0003\000\040\000m\000a\000x\0007\0002\0001\0009\000.\000h}{chapter.6}% 24
\BOOKMARK [1][-]{section.6.4}{\376\377\0006\000.\0004\000\040\000t\000i\000m\000e\000C\000o\000n\000t\000r\000o\000l\000.\000h}{chapter.6}% 25
\BOOKMARK [1][-]{section.6.5}{\376\377\0006\000.\0005\000\040\000m\000a\000i\000n\000/\000m\000a\000i\000n\000.\000c\000\040\000F\000i\000l\000e\000\040\000R\000e\000f\000e\000r\000e\000n\000c\000e}{chapter.6}% 26
\BOOKMARK [2][-]{subsection.6.5.1}{\376\377\0006\000.\0005\000.\0001\000\040\000D\000e\000t\000a\000i\000l\000e\000d\000\040\000D\000e\000s\000c\000r\000i\000p\000t\000i\000o\000n}{section.6.5}% 27
\BOOKMARK [2][-]{subsection.6.5.2}{\376\377\0006\000.\0005\000.\0002\000\040\000F\000u\000n\000c\000t\000i\000o\000n\000\040\000D\000o\000c\000u\000m\000e\000n\000t\000a\000t\000i\000o\000n}{section.6.5}% 28
\BOOKMARK [3][-]{subsubsection.6.5.2.1}{\376\377\0006\000.\0005\000.\0002\000.\0001\000\040\000a\000p\000p\000\137\000m\000a\000i\000n\000\050\000\051}{subsection.6.5.2}% 29
\BOOKMARK [0][-]{section*.5}{\376\377\000I\000n\000d\000e\000x}{}% 30
